<?xml version="1.0" encoding="UTF-8"?>
<testsuite name="com.nsbedfw.slackapp.NsbedfwslackappApplicationTests" tests="1" skipped="0" failures="0" errors="0" timestamp="2019-07-18T12:49:01" hostname="GoodnessDaramola.local" time="0.204">
  <properties/>
  <testcase name="contextLoads" classname="com.nsbedfw.slackapp.NsbedfwslackappApplicationTests" time="0.204"/>
  <system-out><![CDATA[08:48:59.427 [Test worker] DEBUG org.springframework.test.context.junit4.SpringJUnit4ClassRunner - SpringJUnit4ClassRunner constructor called with [class com.nsbedfw.slackapp.NsbedfwslackappApplicationTests]
08:48:59.434 [Test worker] DEBUG org.springframework.test.context.BootstrapUtils - Instantiating CacheAwareContextLoaderDelegate from class [org.springframework.test.context.cache.DefaultCacheAwareContextLoaderDelegate]
08:48:59.439 [Test worker] DEBUG org.springframework.test.context.BootstrapUtils - Instantiating BootstrapContext using constructor [public org.springframework.test.context.support.DefaultBootstrapContext(java.lang.Class,org.springframework.test.context.CacheAwareContextLoaderDelegate)]
08:48:59.456 [Test worker] DEBUG org.springframework.test.context.BootstrapUtils - Instantiating TestContextBootstrapper for test class [com.nsbedfw.slackapp.NsbedfwslackappApplicationTests] from class [org.springframework.boot.test.context.SpringBootTestContextBootstrapper]
08:48:59.467 [Test worker] INFO org.springframework.boot.test.context.SpringBootTestContextBootstrapper - Neither @ContextConfiguration nor @ContextHierarchy found for test class [com.nsbedfw.slackapp.NsbedfwslackappApplicationTests], using SpringBootContextLoader
08:48:59.469 [Test worker] DEBUG org.springframework.test.context.support.AbstractContextLoader - Did not detect default resource location for test class [com.nsbedfw.slackapp.NsbedfwslackappApplicationTests]: class path resource [com/nsbedfw/slackapp/NsbedfwslackappApplicationTests-context.xml] does not exist
08:48:59.469 [Test worker] DEBUG org.springframework.test.context.support.AbstractContextLoader - Did not detect default resource location for test class [com.nsbedfw.slackapp.NsbedfwslackappApplicationTests]: class path resource [com/nsbedfw/slackapp/NsbedfwslackappApplicationTestsContext.groovy] does not exist
08:48:59.469 [Test worker] INFO org.springframework.test.context.support.AbstractContextLoader - Could not detect default resource locations for test class [com.nsbedfw.slackapp.NsbedfwslackappApplicationTests]: no resource found for suffixes {-context.xml, Context.groovy}.
08:48:59.470 [Test worker] INFO org.springframework.test.context.support.AnnotationConfigContextLoaderUtils - Could not detect default configuration classes for test class [com.nsbedfw.slackapp.NsbedfwslackappApplicationTests]: NsbedfwslackappApplicationTests does not declare any static, non-private, non-final, nested classes annotated with @Configuration.
08:48:59.502 [Test worker] DEBUG org.springframework.test.context.support.ActiveProfilesUtils - Could not find an 'annotation declaring class' for annotation type [org.springframework.test.context.ActiveProfiles] and class [com.nsbedfw.slackapp.NsbedfwslackappApplicationTests]
08:48:59.573 [Test worker] DEBUG org.springframework.context.annotation.ClassPathScanningCandidateComponentProvider - Identified candidate component class: file [/Users/gdaramol/Documents/workspace/nsbedfw/nsbedfw-slack-app/build/classes/java/main/com/nsbedfw/slackapp/NsbedfwslackappApplication.class]
08:48:59.575 [Test worker] INFO org.springframework.boot.test.context.SpringBootTestContextBootstrapper - Found @SpringBootConfiguration com.nsbedfw.slackapp.NsbedfwslackappApplication for test class com.nsbedfw.slackapp.NsbedfwslackappApplicationTests
08:48:59.657 [Test worker] DEBUG org.springframework.boot.test.context.SpringBootTestContextBootstrapper - @TestExecutionListeners is not present for class [com.nsbedfw.slackapp.NsbedfwslackappApplicationTests]: using defaults.
08:48:59.657 [Test worker] INFO org.springframework.boot.test.context.SpringBootTestContextBootstrapper - Loaded default TestExecutionListener class names from location [META-INF/spring.factories]: [org.springframework.boot.test.autoconfigure.restdocs.RestDocsTestExecutionListener, org.springframework.boot.test.autoconfigure.web.client.MockRestServiceServerResetTestExecutionListener, org.springframework.boot.test.autoconfigure.web.servlet.MockMvcPrintOnlyOnFailureTestExecutionListener, org.springframework.boot.test.autoconfigure.web.servlet.WebDriverTestExecutionListener, org.springframework.boot.test.mock.mockito.MockitoTestExecutionListener, org.springframework.boot.test.mock.mockito.ResetMocksTestExecutionListener, org.springframework.test.context.web.ServletTestExecutionListener, org.springframework.test.context.support.DirtiesContextBeforeModesTestExecutionListener, org.springframework.test.context.support.DependencyInjectionTestExecutionListener, org.springframework.test.context.support.DirtiesContextTestExecutionListener, org.springframework.test.context.transaction.TransactionalTestExecutionListener, org.springframework.test.context.jdbc.SqlScriptsTestExecutionListener]
08:48:59.668 [Test worker] DEBUG org.springframework.boot.test.context.SpringBootTestContextBootstrapper - Skipping candidate TestExecutionListener [org.springframework.test.context.transaction.TransactionalTestExecutionListener] due to a missing dependency. Specify custom listener classes or make the default listener classes and their required dependencies available. Offending class: [org/springframework/transaction/interceptor/TransactionAttributeSource]
08:48:59.669 [Test worker] DEBUG org.springframework.boot.test.context.SpringBootTestContextBootstrapper - Skipping candidate TestExecutionListener [org.springframework.test.context.jdbc.SqlScriptsTestExecutionListener] due to a missing dependency. Specify custom listener classes or make the default listener classes and their required dependencies available. Offending class: [org/springframework/transaction/interceptor/TransactionAttribute]
08:48:59.669 [Test worker] INFO org.springframework.boot.test.context.SpringBootTestContextBootstrapper - Using TestExecutionListeners: [org.springframework.test.context.web.ServletTestExecutionListener@6be4eb1e, org.springframework.test.context.support.DirtiesContextBeforeModesTestExecutionListener@28fe8bdc, org.springframework.boot.test.mock.mockito.MockitoTestExecutionListener@193ecafc, org.springframework.boot.test.autoconfigure.SpringBootDependencyInjectionTestExecutionListener@79404c8a, org.springframework.test.context.support.DirtiesContextTestExecutionListener@35b0e4a7, org.springframework.boot.test.autoconfigure.restdocs.RestDocsTestExecutionListener@694c29a6, org.springframework.boot.test.autoconfigure.web.client.MockRestServiceServerResetTestExecutionListener@64a6759, org.springframework.boot.test.autoconfigure.web.servlet.MockMvcPrintOnlyOnFailureTestExecutionListener@7d155f06, org.springframework.boot.test.autoconfigure.web.servlet.WebDriverTestExecutionListener@4f3219df, org.springframework.boot.test.mock.mockito.ResetMocksTestExecutionListener@473b1886]
08:48:59.672 [Test worker] DEBUG org.springframework.test.annotation.ProfileValueUtils - Retrieved @ProfileValueSourceConfiguration [null] for test class [com.nsbedfw.slackapp.NsbedfwslackappApplicationTests]
08:48:59.672 [Test worker] DEBUG org.springframework.test.annotation.ProfileValueUtils - Retrieved ProfileValueSource type [class org.springframework.test.annotation.SystemProfileValueSource] for class [com.nsbedfw.slackapp.NsbedfwslackappApplicationTests]
08:48:59.673 [Test worker] DEBUG org.springframework.test.annotation.ProfileValueUtils - Retrieved @ProfileValueSourceConfiguration [null] for test class [com.nsbedfw.slackapp.NsbedfwslackappApplicationTests]
08:48:59.673 [Test worker] DEBUG org.springframework.test.annotation.ProfileValueUtils - Retrieved ProfileValueSource type [class org.springframework.test.annotation.SystemProfileValueSource] for class [com.nsbedfw.slackapp.NsbedfwslackappApplicationTests]
08:48:59.676 [Test worker] DEBUG org.springframework.test.context.support.AbstractDirtiesContextTestExecutionListener - Before test class: context [DefaultTestContext@28056376 testClass = NsbedfwslackappApplicationTests, testInstance = [null], testMethod = [null], testException = [null], mergedContextConfiguration = [WebMergedContextConfiguration@74221f7 testClass = NsbedfwslackappApplicationTests, locations = '{}', classes = '{class com.nsbedfw.slackapp.NsbedfwslackappApplication}', contextInitializerClasses = '[]', activeProfiles = '{}', propertySourceLocations = '{}', propertySourceProperties = '{org.springframework.boot.test.context.SpringBootTestContextBootstrapper=true}', contextCustomizers = set[org.springframework.boot.test.autoconfigure.properties.PropertyMappingContextCustomizer@0, org.springframework.boot.test.autoconfigure.web.servlet.WebDriverContextCustomizerFactory$Customizer@657df448, org.springframework.boot.test.context.filter.ExcludeFilterContextCustomizer@fa74f51, org.springframework.boot.test.json.DuplicateJsonObjectContextCustomizerFactory$DuplicateJsonObjectContextCustomizer@1bf4e77a, org.springframework.boot.test.mock.mockito.MockitoContextCustomizer@0, org.springframework.boot.test.web.client.TestRestTemplateContextCustomizer@101a5d5e], resourceBasePath = 'src/main/webapp', contextLoader = 'org.springframework.boot.test.context.SpringBootContextLoader', parent = [null]], attributes = map['org.springframework.test.context.web.ServletTestExecutionListener.activateListener' -> true]], class annotated with @DirtiesContext [false] with mode [null].
08:48:59.677 [Test worker] DEBUG org.springframework.test.annotation.ProfileValueUtils - Retrieved @ProfileValueSourceConfiguration [null] for test class [com.nsbedfw.slackapp.NsbedfwslackappApplicationTests]
08:48:59.677 [Test worker] DEBUG org.springframework.test.annotation.ProfileValueUtils - Retrieved ProfileValueSource type [class org.springframework.test.annotation.SystemProfileValueSource] for class [com.nsbedfw.slackapp.NsbedfwslackappApplicationTests]
08:48:59.697 [Test worker] DEBUG org.springframework.test.context.support.TestPropertySourceUtils - Adding inlined properties to environment: {spring.jmx.enabled=false, org.springframework.boot.test.context.SpringBootTestContextBootstrapper=true, server.port=-1}

  .   ____          _            __ _ _
 /\\ / ___'_ __ _ _(_)_ __  __ _ \ \ \ \
( ( )\___ | '_ | '_| | '_ \/ _` | \ \ \ \
 \\/  ___)| |_)| | | | | || (_| |  ) ) ) )
  '  |____| .__|_| |_|_| |_\__, | / / / /
 =========|_|==============|___/=/_/_/_/
 :: Spring Boot ::        (v2.1.6.RELEASE)

2019-07-18 08:48:59.970  INFO 79875 --- [    Test worker] c.n.s.NsbedfwslackappApplicationTests    : Starting NsbedfwslackappApplicationTests on GoodnessDaramola.local with PID 79875 (started by gdaramol in /Users/gdaramol/Documents/workspace/nsbedfw/nsbedfw-slack-app)
2019-07-18 08:48:59.971  INFO 79875 --- [    Test worker] c.n.s.NsbedfwslackappApplicationTests    : No active profile set, falling back to default profiles: default
2019-07-18 08:49:01.390  INFO 79875 --- [    Test worker] o.s.s.concurrent.ThreadPoolTaskExecutor  : Initializing ExecutorService 'applicationTaskExecutor'
2019-07-18 08:49:01.656  INFO 79875 --- [    Test worker] c.n.s.NsbedfwslackappApplicationTests    : Started NsbedfwslackappApplicationTests in 1.948 seconds (JVM running for 2.769)
]]></system-out>
  <system-err><![CDATA[]]></system-err>
</testsuite>
